<?xml version="1.0" encoding="UTF-8"?>
<testng-results ignored="0" total="1" passed="1" failed="0" skipped="0">
  <reporter-output>
  </reporter-output>
  <suite started-at="2022-01-10T09:08:36 IST" name="Default suite" finished-at="2022-01-10T09:09:25 IST" duration-ms="48410">
    <groups>
    </groups>
    <test started-at="2022-01-10T09:08:36 IST" name="Default test" finished-at="2022-01-10T09:09:25 IST" duration-ms="48410">
      <class name="JavaScript.JavaScriptEx">
        <test-method signature="test01()[pri:0, instance:JavaScript.JavaScriptEx@44a7bfbc]" started-at="2022-01-10T09:08:36 IST" name="test01" finished-at="2022-01-10T09:09:25 IST" duration-ms="48275" status="PASS">
          <reporter-output>
          </reporter-output>
        </test-method> <!-- test01 -->
      </class> <!-- JavaScript.JavaScriptEx -->
    </test> <!-- Default test -->
  </suite> <!-- Default suite -->
</testng-results>
